{"/Users/beatys/src/thematic/src/thematic.js": {"path":"/Users/beatys/src/thematic/src/thematic.js","statementMap":{"0":{"start":{"line":6,"column":0},"end":{"line":8,"column":1}},"1":{"start":{"line":7,"column":15},"end":{"line":7,"column":17}},"2":{"start":{"line":10,"column":0},"end":{"line":22,"column":1}},"3":{"start":{"line":25,"column":15},"end":{"line":25,"column":64}},"4":{"start":{"line":25,"column":40},"end":{"line":25,"column":63}},"5":{"start":{"line":26,"column":2},"end":{"line":29,"column":3}},"6":{"start":{"line":27,"column":4},"end":{"line":27,"column":26}},"7":{"start":{"line":28,"column":4},"end":{"line":28,"column":20}},"8":{"start":{"line":31,"column":2},"end":{"line":31,"column":76}},"9":{"start":{"line":31,"column":36},"end":{"line":31,"column":75}},"10":{"start":{"line":32,"column":2},"end":{"line":35,"column":3}},"11":{"start":{"line":33,"column":4},"end":{"line":33,"column":26}},"12":{"start":{"line":34,"column":4},"end":{"line":34,"column":20}},"13":{"start":{"line":38,"column":2},"end":{"line":43,"column":3}},"14":{"start":{"line":39,"column":4},"end":{"line":42,"column":5}},"15":{"start":{"line":40,"column":6},"end":{"line":40,"column":24}},"16":{"start":{"line":41,"column":6},"end":{"line":41,"column":18}},"17":{"start":{"line":44,"column":2},"end":{"line":44,"column":40}},"18":{"start":{"line":48,"column":2},"end":{"line":56,"column":22}},"19":{"start":{"line":60,"column":2},"end":{"line":62,"column":3}},"20":{"start":{"line":61,"column":4},"end":{"line":61,"column":22}},"21":{"start":{"line":64,"column":2},"end":{"line":67,"column":3}},"22":{"start":{"line":65,"column":4},"end":{"line":65,"column":56}},"23":{"start":{"line":66,"column":4},"end":{"line":66,"column":27}},"24":{"start":{"line":69,"column":2},"end":{"line":69,"column":51}},"25":{"start":{"line":70,"column":2},"end":{"line":70,"column":24}},"26":{"start":{"line":74,"column":24},"end":{"line":74,"column":57}},"27":{"start":{"line":75,"column":20},"end":{"line":75,"column":71}},"28":{"start":{"line":75,"column":49},"end":{"line":75,"column":70}},"29":{"start":{"line":78,"column":12},"end":{"line":78,"column":56}},"30":{"start":{"line":79,"column":23},"end":{"line":79,"column":49}},"31":{"start":{"line":80,"column":24},"end":{"line":80,"column":72}},"32":{"start":{"line":80,"column":50},"end":{"line":80,"column":71}},"33":{"start":{"line":81,"column":21},"end":{"line":81,"column":70}},"34":{"start":{"line":81,"column":47},"end":{"line":81,"column":69}},"35":{"start":{"line":82,"column":20},"end":{"line":82,"column":61}},"36":{"start":{"line":84,"column":17},"end":{"line":89,"column":3}},"37":{"start":{"line":90,"column":2},"end":{"line":90,"column":41}},"38":{"start":{"line":91,"column":2},"end":{"line":91,"column":24}},"39":{"start":{"line":95,"column":2},"end":{"line":95,"column":41}},"40":{"start":{"line":101,"column":2},"end":{"line":101,"column":21}},"41":{"start":{"line":104,"column":0},"end":{"line":104,"column":19}},"42":{"start":{"line":115,"column":15},"end":{"line":115,"column":55}},"43":{"start":{"line":116,"column":2},"end":{"line":123,"column":3}},"44":{"start":{"line":117,"column":19},"end":{"line":117,"column":31}},"45":{"start":{"line":118,"column":4},"end":{"line":121,"column":5}},"46":{"start":{"line":119,"column":16},"end":{"line":119,"column":67}},"47":{"start":{"line":120,"column":6},"end":{"line":120,"column":18}},"48":{"start":{"line":122,"column":4},"end":{"line":122,"column":19}},"49":{"start":{"line":124,"column":2},"end":{"line":124,"column":53}},"50":{"start":{"line":128,"column":16},"end":{"line":128,"column":49}},"51":{"start":{"line":130,"column":2},"end":{"line":133,"column":3}},"52":{"start":{"line":131,"column":4},"end":{"line":131,"column":40}},"53":{"start":{"line":132,"column":4},"end":{"line":132,"column":10}},"54":{"start":{"line":135,"column":2},"end":{"line":138,"column":3}},"55":{"start":{"line":136,"column":4},"end":{"line":136,"column":45}},"56":{"start":{"line":137,"column":4},"end":{"line":137,"column":10}},"57":{"start":{"line":140,"column":21},"end":{"line":140,"column":36}},"58":{"start":{"line":141,"column":2},"end":{"line":141,"column":36}},"59":{"start":{"line":142,"column":24},"end":{"line":142,"column":78}},"60":{"start":{"line":142,"column":58},"end":{"line":142,"column":77}},"61":{"start":{"line":144,"column":2},"end":{"line":149,"column":3}},"62":{"start":{"line":146,"column":4},"end":{"line":146,"column":45}},"63":{"start":{"line":148,"column":4},"end":{"line":148,"column":58}},"64":{"start":{"line":151,"column":23},"end":{"line":151,"column":61}},"65":{"start":{"line":152,"column":20},"end":{"line":152,"column":53}},"66":{"start":{"line":153,"column":2},"end":{"line":153,"column":33}},"67":{"start":{"line":155,"column":2},"end":{"line":155,"column":59}},"68":{"start":{"line":156,"column":2},"end":{"line":156,"column":54}},"69":{"start":{"line":159,"column":0},"end":{"line":159,"column":42}},"70":{"start":{"line":162,"column":15},"end":{"line":162,"column":53}},"71":{"start":{"line":163,"column":2},"end":{"line":167,"column":3}},"72":{"start":{"line":164,"column":4},"end":{"line":164,"column":50}},"73":{"start":{"line":165,"column":14},"end":{"line":165,"column":55}},"74":{"start":{"line":166,"column":4},"end":{"line":166,"column":73}},"75":{"start":{"line":171,"column":15},"end":{"line":171,"column":53}},"76":{"start":{"line":172,"column":2},"end":{"line":175,"column":3}},"77":{"start":{"line":173,"column":4},"end":{"line":173,"column":51}},"78":{"start":{"line":174,"column":4},"end":{"line":174,"column":40}},"79":{"start":{"line":178,"column":0},"end":{"line":182,"column":2}},"80":{"start":{"line":179,"column":2},"end":{"line":181,"column":3}},"81":{"start":{"line":180,"column":4},"end":{"line":180,"column":56}},"82":{"start":{"line":180,"column":37},"end":{"line":180,"column":53}},"83":{"start":{"line":185,"column":2},"end":{"line":185,"column":77}},"84":{"start":{"line":186,"column":2},"end":{"line":199,"column":3}},"85":{"start":{"line":188,"column":6},"end":{"line":188,"column":58}},"86":{"start":{"line":188,"column":39},"end":{"line":188,"column":55}},"87":{"start":{"line":189,"column":6},"end":{"line":189,"column":38}},"88":{"start":{"line":190,"column":6},"end":{"line":190,"column":11}},"89":{"start":{"line":192,"column":6},"end":{"line":192,"column":57}},"90":{"start":{"line":192,"column":38},"end":{"line":192,"column":54}},"91":{"start":{"line":193,"column":6},"end":{"line":193,"column":38}},"92":{"start":{"line":194,"column":6},"end":{"line":194,"column":11}},"93":{"start":{"line":196,"column":6},"end":{"line":196,"column":45}},"94":{"start":{"line":197,"column":6},"end":{"line":197,"column":42}},"95":{"start":{"line":198,"column":6},"end":{"line":198,"column":11}},"96":{"start":{"line":202,"column":0},"end":{"line":202,"column":52}},"97":{"start":{"line":207,"column":2},"end":{"line":211,"column":3}},"98":{"start":{"line":208,"column":4},"end":{"line":208,"column":8}},"99":{"start":{"line":210,"column":4},"end":{"line":210,"column":12}},"100":{"start":{"line":215,"column":2},"end":{"line":219,"column":3}},"101":{"start":{"line":216,"column":4},"end":{"line":216,"column":14}},"102":{"start":{"line":218,"column":4},"end":{"line":218,"column":18}},"103":{"start":{"line":224,"column":2},"end":{"line":256,"column":3}},"104":{"start":{"line":226,"column":6},"end":{"line":234,"column":7}},"105":{"start":{"line":227,"column":18},"end":{"line":227,"column":65}},"106":{"start":{"line":228,"column":29},"end":{"line":228,"column":43}},"107":{"start":{"line":229,"column":8},"end":{"line":229,"column":71}},"108":{"start":{"line":230,"column":8},"end":{"line":230,"column":60}},"109":{"start":{"line":231,"column":8},"end":{"line":231,"column":64}},"110":{"start":{"line":233,"column":8},"end":{"line":233,"column":34}},"111":{"start":{"line":235,"column":6},"end":{"line":235,"column":11}},"112":{"start":{"line":237,"column":6},"end":{"line":237,"column":45}},"113":{"start":{"line":238,"column":6},"end":{"line":238,"column":11}},"114":{"start":{"line":240,"column":6},"end":{"line":251,"column":7}},"115":{"start":{"line":241,"column":18},"end":{"line":241,"column":56}},"116":{"start":{"line":242,"column":21},"end":{"line":242,"column":27}},"117":{"start":{"line":243,"column":8},"end":{"line":247,"column":9}},"118":{"start":{"line":244,"column":10},"end":{"line":244,"column":66}},"119":{"start":{"line":246,"column":10},"end":{"line":246,"column":68}},"120":{"start":{"line":248,"column":8},"end":{"line":248,"column":55}},"121":{"start":{"line":250,"column":8},"end":{"line":250,"column":34}},"122":{"start":{"line":252,"column":6},"end":{"line":252,"column":11}},"123":{"start":{"line":254,"column":6},"end":{"line":254,"column":46}},"124":{"start":{"line":255,"column":6},"end":{"line":255,"column":11}},"125":{"start":{"line":260,"column":2},"end":{"line":260,"column":25}},"126":{"start":{"line":263,"column":0},"end":{"line":263,"column":54}},"127":{"start":{"line":266,"column":2},"end":{"line":271,"column":4}},"128":{"start":{"line":275,"column":15},"end":{"line":275,"column":53}},"129":{"start":{"line":277,"column":2},"end":{"line":279,"column":3}},"130":{"start":{"line":278,"column":4},"end":{"line":278,"column":10}},"131":{"start":{"line":281,"column":2},"end":{"line":281,"column":33}},"132":{"start":{"line":283,"column":2},"end":{"line":292,"column":3}},"133":{"start":{"line":284,"column":4},"end":{"line":286,"column":5}},"134":{"start":{"line":285,"column":6},"end":{"line":285,"column":31}},"135":{"start":{"line":288,"column":4},"end":{"line":291,"column":6}},"136":{"start":{"line":294,"column":2},"end":{"line":296,"column":3}},"137":{"start":{"line":295,"column":4},"end":{"line":295,"column":29}},"138":{"start":{"line":300,"column":2},"end":{"line":302,"column":3}},"139":{"start":{"line":301,"column":4},"end":{"line":301,"column":23}},"140":{"start":{"line":304,"column":0},"end":{"line":304,"column":62}},"141":{"start":{"line":305,"column":0},"end":{"line":305,"column":64}},"142":{"start":{"line":307,"column":0},"end":{"line":313,"column":2}},"143":{"start":{"line":308,"column":2},"end":{"line":308,"column":19}},"144":{"start":{"line":309,"column":20},"end":{"line":309,"column":35}},"145":{"start":{"line":310,"column":2},"end":{"line":312,"column":41}},"146":{"start":{"line":311,"column":4},"end":{"line":311,"column":50}},"147":{"start":{"line":312,"column":22},"end":{"line":312,"column":38}}},"fnMap":{"0":{"name":"getDefaultTheme","decl":{"start":{"line":24,"column":9},"end":{"line":24,"column":24}},"loc":{"start":{"line":24,"column":37},"end":{"line":45,"column":1}},"line":24},"1":{"name":"(anonymous_1)","decl":{"start":{"line":25,"column":32},"end":{"line":25,"column":33}},"loc":{"start":{"line":25,"column":40},"end":{"line":25,"column":63}},"line":25},"2":{"name":"(anonymous_2)","decl":{"start":{"line":31,"column":28},"end":{"line":31,"column":29}},"loc":{"start":{"line":31,"column":36},"end":{"line":31,"column":75}},"line":31},"3":{"name":"isDefaultTheme","decl":{"start":{"line":47,"column":9},"end":{"line":47,"column":23}},"loc":{"start":{"line":47,"column":32},"end":{"line":57,"column":1}},"line":47},"4":{"name":"getCurrentId","decl":{"start":{"line":59,"column":9},"end":{"line":59,"column":21}},"loc":{"start":{"line":59,"column":52},"end":{"line":71,"column":1}},"line":59},"5":{"name":"buildThemes","decl":{"start":{"line":73,"column":15},"end":{"line":73,"column":26}},"loc":{"start":{"line":73,"column":30},"end":{"line":92,"column":1}},"line":73},"6":{"name":"(anonymous_6)","decl":{"start":{"line":75,"column":41},"end":{"line":75,"column":42}},"loc":{"start":{"line":75,"column":49},"end":{"line":75,"column":70}},"line":75},"7":{"name":"(anonymous_7)","decl":{"start":{"line":80,"column":41},"end":{"line":80,"column":42}},"loc":{"start":{"line":80,"column":50},"end":{"line":80,"column":71}},"line":80},"8":{"name":"(anonymous_8)","decl":{"start":{"line":81,"column":38},"end":{"line":81,"column":39}},"loc":{"start":{"line":81,"column":47},"end":{"line":81,"column":69}},"line":81},"9":{"name":"isMozillaTheme","decl":{"start":{"line":94,"column":9},"end":{"line":94,"column":23}},"loc":{"start":{"line":94,"column":32},"end":{"line":96,"column":1}},"line":94},"10":{"name":"buildThemesHelper","decl":{"start":{"line":100,"column":15},"end":{"line":100,"column":32}},"loc":{"start":{"line":100,"column":36},"end":{"line":102,"column":1}},"line":100},"11":{"name":"chooseNext","decl":{"start":{"line":114,"column":15},"end":{"line":114,"column":25}},"loc":{"start":{"line":114,"column":48},"end":{"line":125,"column":1}},"line":114},"12":{"name":"rotate","decl":{"start":{"line":127,"column":15},"end":{"line":127,"column":21}},"loc":{"start":{"line":127,"column":25},"end":{"line":157,"column":1}},"line":127},"13":{"name":"(anonymous_13)","decl":{"start":{"line":142,"column":51},"end":{"line":142,"column":52}},"loc":{"start":{"line":142,"column":58},"end":{"line":142,"column":77}},"line":142},"14":{"name":"startRotation","decl":{"start":{"line":161,"column":15},"end":{"line":161,"column":28}},"loc":{"start":{"line":161,"column":32},"end":{"line":168,"column":1}},"line":161},"15":{"name":"stopRotation","decl":{"start":{"line":170,"column":15},"end":{"line":170,"column":27}},"loc":{"start":{"line":170,"column":31},"end":{"line":176,"column":1}},"line":170},"16":{"name":"(anonymous_16)","decl":{"start":{"line":178,"column":38},"end":{"line":178,"column":39}},"loc":{"start":{"line":178,"column":48},"end":{"line":182,"column":1}},"line":178},"17":{"name":"(anonymous_17)","decl":{"start":{"line":180,"column":26},"end":{"line":180,"column":27}},"loc":{"start":{"line":180,"column":35},"end":{"line":180,"column":55}},"line":180},"18":{"name":"handleMessage","decl":{"start":{"line":184,"column":9},"end":{"line":184,"column":22}},"loc":{"start":{"line":184,"column":55},"end":{"line":200,"column":1}},"line":184},"19":{"name":"(anonymous_19)","decl":{"start":{"line":188,"column":28},"end":{"line":188,"column":29}},"loc":{"start":{"line":188,"column":37},"end":{"line":188,"column":57}},"line":188},"20":{"name":"(anonymous_20)","decl":{"start":{"line":192,"column":27},"end":{"line":192,"column":28}},"loc":{"start":{"line":192,"column":36},"end":{"line":192,"column":56}},"line":192},"21":{"name":"jestTest","decl":{"start":{"line":206,"column":9},"end":{"line":206,"column":17}},"loc":{"start":{"line":206,"column":31},"end":{"line":212,"column":1}},"line":206},"22":{"name":"jestTestAwait","decl":{"start":{"line":214,"column":15},"end":{"line":214,"column":28}},"loc":{"start":{"line":214,"column":42},"end":{"line":220,"column":1}},"line":214},"23":{"name":"commands","decl":{"start":{"line":222,"column":15},"end":{"line":222,"column":23}},"loc":{"start":{"line":222,"column":34},"end":{"line":257,"column":1}},"line":222},"24":{"name":"commandsHelper","decl":{"start":{"line":259,"column":15},"end":{"line":259,"column":29}},"loc":{"start":{"line":259,"column":40},"end":{"line":261,"column":1}},"line":259},"25":{"name":"buildToolsMenuItem","decl":{"start":{"line":265,"column":9},"end":{"line":265,"column":27}},"loc":{"start":{"line":265,"column":36},"end":{"line":272,"column":1}},"line":265},"26":{"name":"buildToolsMenu","decl":{"start":{"line":274,"column":15},"end":{"line":274,"column":29}},"loc":{"start":{"line":274,"column":39},"end":{"line":297,"column":1}},"line":274},"27":{"name":"extensionInstalled","decl":{"start":{"line":299,"column":9},"end":{"line":299,"column":27}},"loc":{"start":{"line":299,"column":35},"end":{"line":303,"column":1}},"line":299},"28":{"name":"(anonymous_28)","decl":{"start":{"line":307,"column":36},"end":{"line":307,"column":37}},"loc":{"start":{"line":307,"column":46},"end":{"line":313,"column":1}},"line":307},"29":{"name":"(anonymous_29)","decl":{"start":{"line":310,"column":59},"end":{"line":310,"column":60}},"loc":{"start":{"line":310,"column":65},"end":{"line":312,"column":3}},"line":310},"30":{"name":"(anonymous_30)","decl":{"start":{"line":312,"column":11},"end":{"line":312,"column":12}},"loc":{"start":{"line":312,"column":20},"end":{"line":312,"column":40}},"line":312}},"branchMap":{"0":{"loc":{"start":{"line":6,"column":0},"end":{"line":8,"column":1}},"type":"if","locations":[{"start":{"line":6,"column":0},"end":{"line":8,"column":1}},{"start":{},"end":{}}],"line":6},"1":{"loc":{"start":{"line":26,"column":2},"end":{"line":29,"column":3}},"type":"if","locations":[{"start":{"line":26,"column":2},"end":{"line":29,"column":3}},{"start":{},"end":{}}],"line":26},"2":{"loc":{"start":{"line":32,"column":2},"end":{"line":35,"column":3}},"type":"if","locations":[{"start":{"line":32,"column":2},"end":{"line":35,"column":3}},{"start":{},"end":{}}],"line":32},"3":{"loc":{"start":{"line":39,"column":4},"end":{"line":42,"column":5}},"type":"if","locations":[{"start":{"line":39,"column":4},"end":{"line":42,"column":5}},{"start":{},"end":{}}],"line":39},"4":{"loc":{"start":{"line":60,"column":2},"end":{"line":62,"column":3}},"type":"if","locations":[{"start":{"line":60,"column":2},"end":{"line":62,"column":3}},{"start":{},"end":{}}],"line":60},"5":{"loc":{"start":{"line":64,"column":2},"end":{"line":67,"column":3}},"type":"if","locations":[{"start":{"line":64,"column":2},"end":{"line":67,"column":3}},{"start":{},"end":{}}],"line":64},"6":{"loc":{"start":{"line":116,"column":2},"end":{"line":123,"column":3}},"type":"if","locations":[{"start":{"line":116,"column":2},"end":{"line":123,"column":3}},{"start":{},"end":{}}],"line":116},"7":{"loc":{"start":{"line":130,"column":2},"end":{"line":133,"column":3}},"type":"if","locations":[{"start":{"line":130,"column":2},"end":{"line":133,"column":3}},{"start":{},"end":{}}],"line":130},"8":{"loc":{"start":{"line":135,"column":2},"end":{"line":138,"column":3}},"type":"if","locations":[{"start":{"line":135,"column":2},"end":{"line":138,"column":3}},{"start":{},"end":{}}],"line":135},"9":{"loc":{"start":{"line":144,"column":2},"end":{"line":149,"column":3}},"type":"if","locations":[{"start":{"line":144,"column":2},"end":{"line":149,"column":3}},{"start":{"line":147,"column":9},"end":{"line":149,"column":3}}],"line":144},"10":{"loc":{"start":{"line":163,"column":2},"end":{"line":167,"column":3}},"type":"if","locations":[{"start":{"line":163,"column":2},"end":{"line":167,"column":3}},{"start":{},"end":{}}],"line":163},"11":{"loc":{"start":{"line":172,"column":2},"end":{"line":175,"column":3}},"type":"if","locations":[{"start":{"line":172,"column":2},"end":{"line":175,"column":3}},{"start":{},"end":{}}],"line":172},"12":{"loc":{"start":{"line":179,"column":2},"end":{"line":181,"column":3}},"type":"if","locations":[{"start":{"line":179,"column":2},"end":{"line":181,"column":3}},{"start":{},"end":{}}],"line":179},"13":{"loc":{"start":{"line":186,"column":2},"end":{"line":199,"column":3}},"type":"switch","locations":[{"start":{"line":187,"column":4},"end":{"line":190,"column":11}},{"start":{"line":191,"column":4},"end":{"line":194,"column":11}},{"start":{"line":195,"column":4},"end":{"line":198,"column":11}}],"line":186},"14":{"loc":{"start":{"line":207,"column":2},"end":{"line":211,"column":3}},"type":"if","locations":[{"start":{"line":207,"column":2},"end":{"line":211,"column":3}},{"start":{"line":209,"column":9},"end":{"line":211,"column":3}}],"line":207},"15":{"loc":{"start":{"line":215,"column":2},"end":{"line":219,"column":3}},"type":"if","locations":[{"start":{"line":215,"column":2},"end":{"line":219,"column":3}},{"start":{"line":217,"column":9},"end":{"line":219,"column":3}}],"line":215},"16":{"loc":{"start":{"line":224,"column":2},"end":{"line":256,"column":3}},"type":"switch","locations":[{"start":{"line":225,"column":4},"end":{"line":235,"column":11}},{"start":{"line":236,"column":4},"end":{"line":238,"column":11}},{"start":{"line":239,"column":4},"end":{"line":252,"column":11}},{"start":{"line":253,"column":4},"end":{"line":255,"column":11}}],"line":224},"17":{"loc":{"start":{"line":243,"column":8},"end":{"line":247,"column":9}},"type":"if","locations":[{"start":{"line":243,"column":8},"end":{"line":247,"column":9}},{"start":{"line":245,"column":15},"end":{"line":247,"column":9}}],"line":243},"18":{"loc":{"start":{"line":277,"column":2},"end":{"line":279,"column":3}},"type":"if","locations":[{"start":{"line":277,"column":2},"end":{"line":279,"column":3}},{"start":{},"end":{}}],"line":277},"19":{"loc":{"start":{"line":283,"column":2},"end":{"line":292,"column":3}},"type":"if","locations":[{"start":{"line":283,"column":2},"end":{"line":292,"column":3}},{"start":{},"end":{}}],"line":283},"20":{"loc":{"start":{"line":300,"column":2},"end":{"line":302,"column":3}},"type":"if","locations":[{"start":{"line":300,"column":2},"end":{"line":302,"column":3}},{"start":{},"end":{}}],"line":300}},"s":{"0":1,"1":0,"2":1,"3":5,"4":11,"5":5,"6":3,"7":3,"8":2,"9":2,"10":2,"11":1,"12":1,"13":1,"14":1,"15":0,"16":0,"17":1,"18":3,"19":5,"20":2,"21":3,"22":1,"23":1,"24":2,"25":2,"26":2,"27":2,"28":18,"29":2,"30":2,"31":2,"32":8,"33":2,"34":8,"35":2,"36":2,"37":2,"38":2,"39":16,"40":1,"41":1,"42":8,"43":8,"44":0,"45":0,"46":0,"47":0,"48":0,"49":8,"50":3,"51":3,"52":1,"53":1,"54":2,"55":1,"56":1,"57":1,"58":1,"59":1,"60":1,"61":1,"62":1,"63":0,"64":1,"65":1,"66":1,"67":1,"68":1,"69":1,"70":2,"71":2,"72":2,"73":2,"74":2,"75":2,"76":2,"77":2,"78":2,"79":1,"80":1,"81":0,"82":0,"83":3,"84":3,"85":1,"86":0,"87":1,"88":1,"89":1,"90":0,"91":1,"92":1,"93":1,"94":1,"95":1,"96":1,"97":1,"98":0,"99":1,"100":1,"101":0,"102":1,"103":5,"104":3,"105":3,"106":3,"107":3,"108":1,"109":1,"110":2,"111":3,"112":1,"113":1,"114":0,"115":0,"116":0,"117":0,"118":0,"119":0,"120":0,"121":0,"122":0,"123":1,"124":1,"125":0,"126":1,"127":9,"128":2,"129":2,"130":0,"131":2,"132":2,"133":0,"134":0,"135":0,"136":2,"137":8,"138":0,"139":0,"140":1,"141":1,"142":1,"143":0,"144":0,"145":0,"146":0,"147":0},"f":{"0":5,"1":11,"2":2,"3":3,"4":5,"5":2,"6":18,"7":8,"8":8,"9":16,"10":1,"11":8,"12":3,"13":1,"14":2,"15":2,"16":1,"17":0,"18":3,"19":0,"20":0,"21":1,"22":1,"23":5,"24":0,"25":9,"26":2,"27":0,"28":0,"29":0,"30":0},"b":{"0":[0,1],"1":[3,2],"2":[1,1],"3":[0,1],"4":[2,3],"5":[1,2],"6":[0,8],"7":[1,2],"8":[1,1],"9":[1,0],"10":[2,0],"11":[2,0],"12":[0,1],"13":[1,1,1],"14":[0,1],"15":[0,1],"16":[3,1,0,1],"17":[0,0],"18":[0,2],"19":[0,2],"20":[0,0]},"_coverageSchema":"1a1c01bbd47fc00a2c39e90264f33305004495a9","hash":"e6684c9990256ab76df44307409e04fba20b4cb4"}
}
