TN:
SF:src/thematic.js
FN:24,getDefaultTheme
FN:25,(anonymous_1)
FN:31,(anonymous_2)
FN:47,isDefaultTheme
FN:59,getCurrentId
FN:73,buildThemes
FN:75,(anonymous_6)
FN:80,(anonymous_7)
FN:81,(anonymous_8)
FN:94,isMozillaTheme
FN:100,buildThemesHelper
FN:114,chooseNext
FN:127,rotate
FN:142,(anonymous_13)
FN:161,startRotation
FN:170,stopRotation
FN:178,(anonymous_16)
FN:180,(anonymous_17)
FN:184,handleMessage
FN:188,(anonymous_19)
FN:192,(anonymous_20)
FN:206,jestTest
FN:214,jestTestAwait
FN:222,commands
FN:259,commandsHelper
FN:265,buildToolsMenuItem
FN:274,buildToolsMenu
FN:299,extensionInstalled
FN:307,(anonymous_28)
FN:310,(anonymous_29)
FN:312,(anonymous_30)
FNF:31
FNH:23
FNDA:5,getDefaultTheme
FNDA:11,(anonymous_1)
FNDA:2,(anonymous_2)
FNDA:3,isDefaultTheme
FNDA:5,getCurrentId
FNDA:2,buildThemes
FNDA:18,(anonymous_6)
FNDA:8,(anonymous_7)
FNDA:8,(anonymous_8)
FNDA:16,isMozillaTheme
FNDA:1,buildThemesHelper
FNDA:8,chooseNext
FNDA:3,rotate
FNDA:1,(anonymous_13)
FNDA:2,startRotation
FNDA:2,stopRotation
FNDA:1,(anonymous_16)
FNDA:0,(anonymous_17)
FNDA:3,handleMessage
FNDA:0,(anonymous_19)
FNDA:0,(anonymous_20)
FNDA:1,jestTest
FNDA:1,jestTestAwait
FNDA:5,commands
FNDA:0,commandsHelper
FNDA:9,buildToolsMenuItem
FNDA:2,buildToolsMenu
FNDA:0,extensionInstalled
FNDA:0,(anonymous_28)
FNDA:0,(anonymous_29)
FNDA:0,(anonymous_30)
DA:6,1
DA:7,0
DA:10,1
DA:25,11
DA:26,5
DA:27,3
DA:28,3
DA:31,2
DA:32,2
DA:33,1
DA:34,1
DA:38,1
DA:39,1
DA:40,0
DA:41,0
DA:44,1
DA:48,3
DA:60,5
DA:61,2
DA:64,3
DA:65,1
DA:66,1
DA:69,2
DA:70,2
DA:74,2
DA:75,18
DA:78,2
DA:79,2
DA:80,8
DA:81,8
DA:82,2
DA:84,2
DA:90,2
DA:91,2
DA:95,16
DA:101,1
DA:104,1
DA:115,8
DA:116,8
DA:117,0
DA:118,0
DA:119,0
DA:120,0
DA:122,0
DA:124,8
DA:128,3
DA:130,3
DA:131,1
DA:132,1
DA:135,2
DA:136,1
DA:137,1
DA:140,1
DA:141,1
DA:142,1
DA:144,1
DA:146,1
DA:148,0
DA:151,1
DA:152,1
DA:153,1
DA:155,1
DA:156,1
DA:159,1
DA:162,2
DA:163,2
DA:164,2
DA:165,2
DA:166,2
DA:171,2
DA:172,2
DA:173,2
DA:174,2
DA:178,1
DA:179,1
DA:180,0
DA:185,3
DA:186,3
DA:188,1
DA:189,1
DA:190,1
DA:192,1
DA:193,1
DA:194,1
DA:196,1
DA:197,1
DA:198,1
DA:202,1
DA:207,1
DA:208,0
DA:210,1
DA:215,1
DA:216,0
DA:218,1
DA:224,5
DA:226,3
DA:227,3
DA:228,3
DA:229,3
DA:230,1
DA:231,1
DA:233,2
DA:235,3
DA:237,1
DA:238,1
DA:240,0
DA:241,0
DA:242,0
DA:243,0
DA:244,0
DA:246,0
DA:248,0
DA:250,0
DA:252,0
DA:254,1
DA:255,1
DA:260,0
DA:263,1
DA:266,9
DA:275,2
DA:277,2
DA:278,0
DA:281,2
DA:283,2
DA:284,0
DA:285,0
DA:288,0
DA:294,2
DA:295,8
DA:300,0
DA:301,0
DA:304,1
DA:305,1
DA:307,1
DA:308,0
DA:309,0
DA:310,0
DA:311,0
DA:312,0
LF:139
LH:106
BRDA:6,0,0,0
BRDA:6,0,1,1
BRDA:26,1,0,3
BRDA:26,1,1,2
BRDA:32,2,0,1
BRDA:32,2,1,1
BRDA:39,3,0,0
BRDA:39,3,1,1
BRDA:60,4,0,2
BRDA:60,4,1,3
BRDA:64,5,0,1
BRDA:64,5,1,2
BRDA:116,6,0,0
BRDA:116,6,1,8
BRDA:130,7,0,1
BRDA:130,7,1,2
BRDA:135,8,0,1
BRDA:135,8,1,1
BRDA:144,9,0,1
BRDA:144,9,1,0
BRDA:163,10,0,2
BRDA:163,10,1,0
BRDA:172,11,0,2
BRDA:172,11,1,0
BRDA:179,12,0,0
BRDA:179,12,1,1
BRDA:186,13,0,1
BRDA:186,13,1,1
BRDA:186,13,2,1
BRDA:207,14,0,0
BRDA:207,14,1,1
BRDA:215,15,0,0
BRDA:215,15,1,1
BRDA:224,16,0,3
BRDA:224,16,1,1
BRDA:224,16,2,0
BRDA:224,16,3,1
BRDA:243,17,0,0
BRDA:243,17,1,0
BRDA:277,18,0,0
BRDA:277,18,1,2
BRDA:283,19,0,0
BRDA:283,19,1,2
BRDA:300,20,0,0
BRDA:300,20,1,0
BRF:45
BRH:29
end_of_record
